#
# There is insufficient memory for the Java Runtime Environment to continue.
# Native memory allocation (malloc) failed to allocate 1048576 bytes for AllocateHeap
# Possible reasons:
#   The system is out of physical RAM or swap space
#   In 32 bit mode, the process size limit was hit
# Possible solutions:
#   Reduce memory load on the system
#   Increase physical memory or swap space
#   Check if swap backing store is full
#   Use 64 bit Java on a 64 bit OS
#   Decrease Java heap size (-Xmx/-Xms)
#   Decrease number of Java threads
#   Decrease Java thread stack sizes (-Xss)
#   Set larger code cache with -XX:ReservedCodeCacheSize=
# This output file may be truncated or incomplete.
#
#  Out of Memory Error (memory/allocation.inline.hpp:61), pid=9468, tid=3816
#
# JRE version:  (8.0_45-b15) (build )
# Java VM: Java HotSpot(TM) 64-Bit Server VM (25.45-b02 mixed mode windows-amd64 compressed oops)
# Failed to write core dump. Minidumps are not enabled by default on client versions of Windows
#

---------------  T H R E A D  ---------------

Current thread (0x00000000020b0800):  JavaThread "Unknown thread" [_thread_in_vm, id=3816, stack(0x0000000001f50000,0x0000000002050000)]

Stack: [0x0000000001f50000,0x0000000002050000]
Native frames: (J=compiled Java code, j=interpreted, Vv=VM code, C=native code)
V  [jvm.dll+0x32b57a]


---------------  P R O C E S S  ---------------

Java Threads: ( => current thread )

Other Threads:

=>0x00000000020b0800 (exited) JavaThread "Unknown thread" [_thread_in_vm, id=3816, stack(0x0000000001f50000,0x0000000002050000)]

VM state:not at safepoint (normal execution)

VM Mutex/Monitor currently owned by a thread: None

Heap:
 PSYoungGen      total 18944K, used 327K [0x00000000eab00000, 0x00000000ec000000, 0x0000000100000000)
  eden space 16384K, 2% used [0x00000000eab00000,0x00000000eab51ec8,0x00000000ebb00000)
  from space 2560K, 0% used [0x00000000ebd80000,0x00000000ebd80000,0x00000000ec000000)
  to   space 2560K, 0% used [0x00000000ebb00000,0x00000000ebb00000,0x00000000ebd80000)
 ParOldGen       total 44032K, used 0K [0x00000000c0000000, 0x00000000c2b00000, 0x00000000eab00000)
  object space 44032K, 0% used [0x00000000c0000000,0x00000000c0000000,0x00000000c2b00000)
 Metaspace       used 770K, capacity 1092K, committed 1152K, reserved 1060864K
  class space    used 75K, capacity 384K, committed 384K, reserved 1048576K

Card table byte_map: [0x0000000011570000,0x0000000011780000] byte_map_base: 0x0000000010f70000

Marking Bits: (ParMarkBitMap*) 0x0000000051414040
 Begin Bits: [0x0000000011ce0000, 0x0000000012ce0000)
 End Bits:   [0x0000000012ce0000, 0x0000000013ce0000)

Polling page: 0x0000000001ec0000

CodeCache: size=245760Kb used=328Kb max_used=328Kb free=245431Kb
 bounds [0x00000000021b0000, 0x0000000002420000, 0x00000000111b0000]
 total_blobs=57 nmethods=0 adapters=37
 compilation: enabled

Compilation events (0 events):
No events

GC Heap History (0 events):
No events

Deoptimization events (0 events):
No events

Internal exceptions (0 events):
No events

Events (10 events):
Event: 0.669 loading class java/lang/Short
Event: 0.690 loading class java/lang/Short done
Event: 0.690 loading class java/lang/Integer
Event: 0.691 loading class java/lang/Integer done
Event: 0.692 loading class java/lang/Long
Event: 0.693 loading class java/lang/Long done
Event: 0.728 loading class java/lang/NullPointerException
Event: 0.728 loading class java/lang/NullPointerException done
Event: 0.728 loading class java/lang/ArithmeticException
Event: 0.728 loading class java/lang/ArithmeticException done


Dynamic libraries:
0x00007ff6560c0000 - 0x00007ff6560f7000 	C:\Program Files\Java\jdk1.8.0_45\bin\java.exe
0x00007ffa70500000 - 0x00007ffa706c2000 	C:\WINDOWS\SYSTEM32\ntdll.dll
0x00007ffa6e330000 - 0x00007ffa6e3dd000 	C:\WINDOWS\system32\KERNEL32.DLL
0x00007ffa6d1a0000 - 0x00007ffa6d37d000 	C:\WINDOWS\system32\KERNELBASE.dll
0x00007ffa70450000 - 0x00007ffa704f6000 	C:\WINDOWS\system32\ADVAPI32.dll
0x00007ffa6e400000 - 0x00007ffa6e49d000 	C:\WINDOWS\system32\msvcrt.dll
0x00007ffa6dbd0000 - 0x00007ffa6dc2b000 	C:\WINDOWS\system32\sechost.dll
0x00007ffa6e4f0000 - 0x00007ffa6e616000 	C:\WINDOWS\system32\RPCRT4.dll
0x00007ffa6ff30000 - 0x00007ffa7007e000 	C:\WINDOWS\system32\USER32.dll
0x00007ffa70190000 - 0x00007ffa70316000 	C:\WINDOWS\system32\GDI32.dll
0x00007ffa63cc0000 - 0x00007ffa63f34000 	C:\WINDOWS\WinSxS\amd64_microsoft.windows.common-controls_6595b64144ccf1df_6.0.10240.16384_none_f41f7b285750ef43\COMCTL32.dll
0x00007ffa6e4b0000 - 0x00007ffa6e4e6000 	C:\WINDOWS\system32\IMM32.DLL
0x00007ffa6e1d0000 - 0x00007ffa6e32c000 	C:\WINDOWS\system32\MSCTF.dll
0x0000000050b30000 - 0x0000000050c02000 	C:\Program Files\Java\jdk1.8.0_45\jre\bin\msvcr100.dll
0x0000000050c10000 - 0x0000000051493000 	C:\Program Files\Java\jdk1.8.0_45\jre\bin\server\jvm.dll
0x00007ffa6e9f0000 - 0x00007ffa6e9f8000 	C:\WINDOWS\system32\PSAPI.DLL
0x00007ffa6b160000 - 0x00007ffa6b169000 	C:\WINDOWS\SYSTEM32\WSOCK32.dll
0x00007ffa6e7d0000 - 0x00007ffa6e839000 	C:\WINDOWS\system32\WS2_32.dll
0x00007ffa6e4a0000 - 0x00007ffa6e4a8000 	C:\WINDOWS\system32\NSI.dll
0x00007ffa6b3d0000 - 0x00007ffa6b3f3000 	C:\WINDOWS\SYSTEM32\WINMM.dll
0x00007ffa6b6e0000 - 0x00007ffa6b6ea000 	C:\WINDOWS\SYSTEM32\VERSION.dll
0x00007ffa6a480000 - 0x00007ffa6a4ac000 	C:\WINDOWS\SYSTEM32\WINMMBASE.dll
0x00007ffa6db20000 - 0x00007ffa6db64000 	C:\WINDOWS\system32\cfgmgr32.dll
0x00007ffa6b800000 - 0x00007ffa6b827000 	C:\WINDOWS\SYSTEM32\DEVOBJ.dll
0x0000000051fd0000 - 0x0000000051fdf000 	C:\Program Files\Java\jdk1.8.0_45\jre\bin\verify.dll
0x0000000051fa0000 - 0x0000000051fc9000 	C:\Program Files\Java\jdk1.8.0_45\jre\bin\java.dll
0x0000000051f80000 - 0x0000000051f96000 	C:\Program Files\Java\jdk1.8.0_45\jre\bin\zip.dll
0x00007ffa6afd0000 - 0x00007ffa6b15a000 	C:\WINDOWS\SYSTEM32\dbghelp.dll

VM Arguments:
jvm_args: -Djava.awt.headless=true -Xmx1024M -Dfile.encoding=windows-1252 -Duser.country=US -Duser.language=en -Duser.variant 
java_command: com.android.dx.command.Main --dex --num-threads=4 --output E:\AndroidStudioProjects\Movies\app\build\intermediates\pre-dexed\debug\com.android.support-support-v4-23.2.1_62602ae5da5a96f6b0161be91c878233ccde4d5c.jar E:\AndroidStudioProjects\Movies\app\build\intermediates\exploded-aar\com.android.support\support-v4\23.2.1\jars\classes.jar
java_class_path (initial): C:\Users\Sahil Shokeen\AppData\Local\Android\sdk\build-tools\23.0.2\lib\dx.jar
Launcher Type: SUN_STANDARD

Environment Variables:
PATH=C:\ProgramData\Oracle\Java\javapath;C:\WINDOWS\system32;C:\WINDOWS;C:\WINDOWS\System32\Wbem;C:\WINDOWS\System32\WindowsPowerShell\v1.0\
USERNAME=Sahil
OS=Windows_NT
PROCESSOR_IDENTIFIER=Intel64 Family 6 Model 69 Stepping 1, GenuineIntel



---------------  S Y S T E M  ---------------

OS: Windows 10.0 , 64 bit Build 10240 (10.0.10240.16384)

CPU:total 4 (2 cores per cpu, 2 threads per core) family 6 model 69 stepping 1, cmov, cx8, fxsr, mmx, sse, sse2, sse3, ssse3, sse4.1, sse4.2, popcnt, avx, avx2, aes, clmul, erms, lzcnt, ht, tsc, tscinvbit, bmi1, bmi2

Memory: 4k page, physical 4096140k(178776k free), swap 5525644k(4204k free)

vm_info: Java HotSpot(TM) 64-Bit Server VM (25.45-b02) for windows-amd64 JRE (1.8.0_45-b15), built on Apr 30 2015 12:40:44 by "java_re" with MS VC++ 10.0 (VS2010)

time: Mon Mar 21 22:59:28 2016
elapsed time: 0 seconds (0d 0h 0m 0s)

